<?xml version="1.0" encoding="UTF-8"?>
<testng-results ignored="0" total="1" passed="1" failed="0" skipped="0">
  <reporter-output>
  </reporter-output>
  <suite started-at="2021-07-14T16:29:13 BST" name="Default suite" finished-at="2021-07-14T16:29:17 BST" duration-ms="3933">
    <groups>
    </groups>
    <test started-at="2021-07-14T16:29:13 BST" name="Default test" finished-at="2021-07-14T16:29:17 BST" duration-ms="3933">
      <class name="com.gcr.Test.Testlogin">
        <test-method signature="login()[pri:0, instance:com.gcr.Test.Testlogin@6f96c77]" started-at="2021-07-14T16:29:13 BST" name="login" finished-at="2021-07-14T16:29:17 BST" duration-ms="3888" status="PASS">
          <reporter-output>
          </reporter-output>
        </test-method> <!-- login -->
      </class> <!-- com.gcr.Test.Testlogin -->
    </test> <!-- Default test -->
  </suite> <!-- Default suite -->
</testng-results>
